<?xml version="1.0" encoding="utf-8" standalone="no"?>
<!--This file represents the results of running a test suite-->
<test-results name="C:\Development\Code\DynamicProg\Talks\BDD\Rescue\Specs\bin\Debug\Rescue.Specs.dll" total="6" errors="0" failures="0" not-run="0" inconclusive="5" ignored="0" skipped="0" invalid="0" date="2010-04-30" time="23:39:44">
  <environment nunit-version="2.5.2.9222" clr-version="2.0.50727.4927" os-version="Microsoft Windows NT 6.1.7600.0" platform="Win32NT" cwd="C:\Development\Code\DynamicProg\Talks\BDD\Rescue\NUnit-runner" machine-name="HERNAN-STUDIO" user="hernan" user-domain="HERNAN-STUDIO" />
  <culture-info current-culture="en-CA" current-uiculture="en-US" />
  <test-suite name="C:\Development\Code\DynamicProg\Talks\BDD\Rescue\Specs\bin\Debug\Rescue.Specs.dll" executed="True" success="True" time="5.334" asserts="0">
    <results>
      <test-suite name="Specs" executed="True" success="True" time="5.319" asserts="0">
        <results>
          <test-suite name="PublishFeature" description="Publish" executed="True" success="True" time="3.834" asserts="1">
            <results>
              <test-case name="Specs.PublishFeature.AddANewPet" description="Add a new pet" executed="True" success="True" time="1.387" asserts="0" />
              <test-case name="Specs.PublishFeature.BrowseExistingPets" description="Browse existing pets" executed="True" success="False" time="0.118" asserts="0" />
              <test-case name="Specs.PublishFeature.BrowseWithNoPetsPublished" description="Browse with no pets published" executed="True" success="False" time="0.005" asserts="0" />
            </results>
          </test-suite>
          <test-suite name="SearchFeature" description="Search" executed="True" success="False" time="1.470" asserts="0">
            <results>
              <test-case name="Specs.SearchFeature.SearchByBreed" description="Search by breed" executed="True" success="False" time="0.005" asserts="0" />
              <test-case name="Specs.SearchFeature.SearchByGender" description="Search by gender" executed="True" success="False" time="0.005" asserts="0" />
              <test-case name="Specs.SearchFeature.SearchByStatus" description="Search by status" executed="True" success="False" time="0.003" asserts="0" />
            </results>
          </test-suite>
        </results>
      </test-suite>
    </results>
  </test-suite>
</test-results>